[debug] [2024-06-14T23:21:32.189Z] ----------------------------------------------------------------------
[debug] [2024-06-14T23:21:32.191Z] Command:       /Users/bertomill/.volta/tools/image/node/20.12.2/bin/node /opt/homebrew/bin/firebase init
[debug] [2024-06-14T23:21:32.192Z] CLI Version:   13.4.1
[debug] [2024-06-14T23:21:32.192Z] Platform:      darwin
[debug] [2024-06-14T23:21:32.192Z] Node Version:  v20.12.2
[debug] [2024-06-14T23:21:32.192Z] Time:          Fri Jun 14 2024 19:21:32 GMT-0400 (Eastern Daylight Time)
[debug] [2024-06-14T23:21:32.192Z] ----------------------------------------------------------------------
[debug] 
[debug] [2024-06-14T23:21:32.241Z] > command requires scopes: ["email","openid","https://www.googleapis.com/auth/cloudplatformprojects.readonly","https://www.googleapis.com/auth/firebase","https://www.googleapis.com/auth/cloud-platform"]
[debug] [2024-06-14T23:21:32.242Z] > authorizing via signed-in user (bertmill19@gmail.com)
[info] 
     ######## #### ########  ######## ########     ###     ######  ########
     ##        ##  ##     ## ##       ##     ##  ##   ##  ##       ##
     ######    ##  ########  ######   ########  #########  ######  ######
     ##        ##  ##    ##  ##       ##     ## ##     ##       ## ##
     ##       #### ##     ## ######## ########  ##     ##  ######  ########

You're about to initialize a Firebase project in this directory:

  /Users/bertomill

Before we get started, keep in mind:

  * You are initializing within an existing Firebase project directory

[info] 
=== Project Setup
[info] 
[info] First, let's associate this project directory with a Firebase project.
[info] You can create multiple project aliases by running firebase use --add, 
[info] but for now we'll just set up a default project.
[info] 
[debug] [2024-06-14T23:21:46.188Z] Using project from CLI flag: yummy-189fd
[debug] [2024-06-14T23:21:46.190Z] > refreshing access token with scopes: []
[debug] [2024-06-14T23:21:46.191Z] >>> [apiv2][query] POST https://www.googleapis.com/oauth2/v3/token [none]
[debug] [2024-06-14T23:21:46.191Z] >>> [apiv2][body] POST https://www.googleapis.com/oauth2/v3/token [omitted]
[debug] [2024-06-14T23:21:46.355Z] <<< [apiv2][status] POST https://www.googleapis.com/oauth2/v3/token 200
[debug] [2024-06-14T23:21:46.355Z] <<< [apiv2][body] POST https://www.googleapis.com/oauth2/v3/token [omitted]
[debug] [2024-06-14T23:21:46.395Z] >>> [apiv2][query] GET https://firebase.googleapis.com/v1beta1/projects/yummy-189fd [none]
[debug] [2024-06-14T23:21:46.757Z] <<< [apiv2][status] GET https://firebase.googleapis.com/v1beta1/projects/yummy-189fd 403
[debug] [2024-06-14T23:21:46.757Z] <<< [apiv2][body] GET https://firebase.googleapis.com/v1beta1/projects/yummy-189fd {"error":{"code":403,"message":"The caller does not have permission","status":"PERMISSION_DENIED"}}
[debug] [2024-06-14T23:21:46.757Z] HTTP Error: 403, The caller does not have permission
[debug] [2024-06-14T23:21:46.855Z] FirebaseError: HTTP Error: 403, The caller does not have permission
    at responseToError (/opt/homebrew/lib/node_modules/firebase-tools/lib/responseToError.js:49:12)
    at RetryOperation._fn (/opt/homebrew/lib/node_modules/firebase-tools/lib/apiv2.js:297:77)
    at process.processTicksAndRejections (node:internal/process/task_queues:95:5)
[error] 
[error] Error: Failed to get Firebase project yummy-189fd. Please make sure the project exists and your account has permission to access it.
